<?xml version="1.0" encoding="UTF-8"?>
<testsuite xmlns:xsi="http://www.w3.org/2001/XMLSchema-instance" xsi:noNamespaceSchemaLocation="https://maven.apache.org/surefire/maven-surefire-plugin/xsd/surefire-test-report-3.0.xsd" version="3.0" name="TestSuite" time="8.476" tests="2" errors="0" skipped="0" failures="0">
  <properties>
[...]
</properties>
  <testcase name="runScenario[&quot;Successful login&quot;, &quot;Login functionality&quot;](1)" classname="runners.TestRunner" time="4.641">
    <system-out><![CDATA[
Scenario: Successful login                      # src/test/resources/features/Login.feature:11
  Given the user is on the login page           # stepdefinitions.LoginSteps.the_user_is_on_the_login_page()
  When the user enters username "standard_user" # stepdefinitions.LoginSteps.the_user_enters_username(java.lang.String)
  And the user enters password "secret_sauce"   # stepdefinitions.LoginSteps.the_user_enters_password(java.lang.String)
  Then the user should be logged in             # stepdefinitions.LoginSteps.the_user_should_be_logged_in()
]]></system-out>
    <system-err><![CDATA[SLF4J: Failed to load class "org.slf4j.impl.StaticLoggerBinder".
SLF4J: Defaulting to no-operation (NOP) logger implementation
SLF4J: See http://www.slf4j.org/codes.html#StaticLoggerBinder for further details.
Jan 28, 2025 6:01:47 AM org.openqa.selenium.manager.SeleniumManager lambda$runCommand$1
INFO: Driver path: C:\Users\Sande\.cache\selenium\chromedriver\win64\131.0.6778.264\chromedriver.exe
Jan 28, 2025 6:01:47 AM org.openqa.selenium.manager.SeleniumManager lambda$runCommand$1
INFO: Browser path: C:\Program Files\Google\Chrome\Application\chrome.exe
Jan 28, 2025 6:01:49 AM org.openqa.selenium.devtools.CdpVersionFinder findNearestMatch
WARNING: Unable to find CDP implementation matching 131
Jan 28, 2025 6:01:49 AM org.openqa.selenium.chromium.ChromiumDriver lambda$new$5
WARNING: Unable to find version of CDP to use for 131.0.6778.265. You may need to include a dependency on a specific version of the CDP using something similar to `org.seleniumhq.selenium:selenium-devtools-v86:4.12.0` where the version ("v86") matches the version of the chromium-based browser you're using and the version number of the artifact is the same as Selenium's.
]]></system-err>
  </testcase>
  <testcase name="runScenario[&quot;Successful login&quot;, &quot;Login functionality&quot;](2)" classname="runners.TestRunner" time="2.387">
    <system-out><![CDATA[
Scenario: Successful login                        # src/test/resources/features/Login.feature:12
  Given the user is on the login page             # stepdefinitions.LoginSteps.the_user_is_on_the_login_page()
  When the user enters username "locked_out_user" # stepdefinitions.LoginSteps.the_user_enters_username(java.lang.String)
  And the user enters password "secret_sauce"     # stepdefinitions.LoginSteps.the_user_enters_password(java.lang.String)
  Then the user should be logged in               # stepdefinitions.LoginSteps.the_user_should_be_logged_in()
]]></system-out>
    <system-err><![CDATA[Jan 28, 2025 6:01:51 AM org.openqa.selenium.manager.SeleniumManager lambda$runCommand$1
INFO: Driver path: C:\Users\Sande\.cache\selenium\chromedriver\win64\131.0.6778.264\chromedriver.exe
Jan 28, 2025 6:01:51 AM org.openqa.selenium.manager.SeleniumManager lambda$runCommand$1
INFO: Browser path: C:\Program Files\Google\Chrome\Application\chrome.exe
Jan 28, 2025 6:01:52 AM org.openqa.selenium.devtools.CdpVersionFinder findNearestMatch
WARNING: Unable to find CDP implementation matching 131
Jan 28, 2025 6:01:52 AM org.openqa.selenium.chromium.ChromiumDriver lambda$new$5
WARNING: Unable to find version of CDP to use for 131.0.6778.265. You may need to include a dependency on a specific version of the CDP using something similar to `org.seleniumhq.selenium:selenium-devtools-v86:4.12.0` where the version ("v86") matches the version of the chromium-based browser you're using and the version number of the artifact is the same as Selenium's.
]]></system-err>
  </testcase>
</testsuite>